<?xml version="1.0" encoding="UTF-8"?>
<!-- Generated by org.testng.reporters.JUnitReportReporter -->
<testsuite hostname="LAPTOP-C7LG29AJ" failures="0" tests="2" name="com.crm.testcases.CRMLogin" time="6.224" errors="0" timestamp="2021-04-05T00:03:10 IST" skipped="0">
  <testcase classname="com.crm.testcases.CRMLogin" name="MContact" time="5.152"/>
  <system-out/>
  <testcase classname="com.crm.testcases.CRMLogin" name="Login" time="1.072"/>
  <system-out/>
</testsuite> <!-- com.crm.testcases.CRMLogin -->
